2025-06-19 09:12:22 [WARNING] Slow query detected. Execution time: 0.862s
2025-06-19 09:13:38 [INFO] UPDATE query executed on table orders. Affected rows: 3
2025-06-19 09:18:31 [INFO] SELECT query executed on table users. Rows returned: 9
2025-06-19 09:22:53 [ERROR] TimeoutError: database operation timed out
2025-06-19 09:24:28 [INFO] INSERT query executed on table orders. Affected rows: 2
2025-06-19 09:27:03 [INFO] INSERT query executed on table orders. Affected rows: 3
2025-06-19 09:28:55 [ERROR] ConnectionError: could not connect to MySQL server
2025-06-19 09:33:10 [INFO] SELECT query executed on table users. Rows returned: 16
2025-06-19 09:36:26 [ERROR] MySQLSyntaxErrorException: syntax error at or near 'WHERE'
2025-06-19 09:38:07 [INFO] UPDATE query executed on table orders. Affected rows: 3
2025-06-19 09:40:34 [INFO] DELETE query executed on table orders. Affected rows: 2
2025-06-19 09:44:54 [INFO] SELECT query executed on table users. Rows returned: 13
2025-06-19 09:49:31 [INFO] DELETE query executed on table orders. Affected rows: 4
2025-06-19 09:50:14 [INFO] UPDATE query executed on table orders. Affected rows: 4
2025-06-19 09:53:10 [INFO] SELECT query executed on table users. Rows returned: 19
2025-06-19 09:54:52 [INFO] SELECT query executed on table users. Rows returned: 19
2025-06-19 09:58:08 [INFO] UPDATE query executed on table orders. Affected rows: 5
2025-06-19 09:59:13 [INFO] SELECT query executed on table users. Rows returned: 18
2025-06-19 10:01:57 [WARNING] Slow query detected. Execution time: 1.281s
2025-06-19 10:06:42 [INFO] DELETE query executed on table orders. Affected rows: 1
2025-06-19 10:07:30 [INFO] DELETE query executed on table orders. Affected rows: 2
2025-06-19 10:12:08 [ERROR] TimeoutError: database operation timed out
2025-06-19 10:12:39 [INFO] DELETE query executed on table orders. Affected rows: 4
2025-06-19 10:16:34 [INFO] INSERT query executed on table orders. Affected rows: 5
2025-06-19 10:20:28 [INFO] DELETE query executed on table orders. Affected rows: 2
2025-06-19 10:22:48 [INFO] UPDATE query executed on table orders. Affected rows: 5
2025-06-19 10:25:11 [INFO] DELETE query executed on table orders. Affected rows: 3
2025-06-19 10:26:39 [INFO] UPDATE query executed on table orders. Affected rows: 1
2025-06-19 10:28:44 [INFO] DELETE query executed on table orders. Affected rows: 3
2025-06-19 10:31:53 [WARNING] Slow query detected. Execution time: 0.734s
2025-06-19 10:36:51 [INFO] DELETE query executed on table orders. Affected rows: 5
2025-06-19 10:38:58 [INFO] DELETE query executed on table orders. Affected rows: 5
2025-06-19 10:43:46 [INFO] SELECT query executed on table users. Rows returned: 14
2025-06-19 10:47:37 [DEBUG] API Request: /users - Response time: 0.319s
2025-06-19 10:49:33 [INFO] INSERT query executed on table orders. Affected rows: 3
2025-06-19 10:53:53 [INFO] UPDATE query executed on table orders. Affected rows: 2
2025-06-19 10:54:50 [INFO] SELECT query executed on table users. Rows returned: 4
2025-06-19 10:56:58 [INFO] DELETE query executed on table orders. Affected rows: 4
2025-06-19 10:59:23 [INFO] INSERT query executed on table orders. Affected rows: 2
2025-06-19 11:03:58 [ERROR] TimeoutError: database operation timed out
2025-06-19 11:07:40 [ERROR] ConnectionError: could not connect to MySQL server
2025-06-19 11:09:41 [INFO] SELECT query executed on table users. Rows returned: 5
2025-06-19 11:13:25 [INFO] INSERT query executed on table orders. Affected rows: 3
2025-06-19 11:14:18 [INFO] DELETE query executed on table orders. Affected rows: 5
2025-06-19 11:19:12 [INFO] UPDATE query executed on table orders. Affected rows: 3
2025-06-19 11:20:34 [INFO] DELETE query executed on table orders. Affected rows: 1
2025-06-19 11:24:58 [INFO] SELECT query executed on table users. Rows returned: 11
2025-06-19 11:29:56 [INFO] SELECT query executed on table users. Rows returned: 20
2025-06-19 11:31:30 [WARNING] Slow query detected. Execution time: 1.445s
2025-06-19 11:32:53 [INFO] DELETE query executed on table orders. Affected rows: 5
2025-06-19 11:36:34 [INFO] DELETE query executed on table orders. Affected rows: 4
2025-06-19 11:38:50 [DEBUG] API Request: /logout - Response time: 0.164s
2025-06-19 11:41:02 [INFO] DELETE query executed on table orders. Affected rows: 2
2025-06-19 11:44:03 [INFO] SELECT query executed on table users. Rows returned: 3
2025-06-19 11:46:44 [INFO] DELETE query executed on table orders. Affected rows: 1
2025-06-19 11:49:59 [INFO] INSERT query executed on table orders. Affected rows: 4
2025-06-19 11:52:59 [ERROR] TimeoutError: database operation timed out
2025-06-19 11:54:36 [INFO] DELETE query executed on table orders. Affected rows: 4
2025-06-19 11:55:45 [INFO] INSERT query executed on table orders. Affected rows: 2
2025-06-19 11:59:46 [INFO] DELETE query executed on table orders. Affected rows: 5
2025-06-19 12:03:06 [INFO] INSERT query executed on table orders. Affected rows: 1
2025-06-19 12:07:01 [WARNING] Slow query detected. Execution time: 1.083s
2025-06-19 12:10:07 [DEBUG] API Request: /products - Response time: 1.403s
2025-06-19 12:14:05 [WARNING] Slow query detected. Execution time: 0.543s
2025-06-19 12:18:29 [INFO] INSERT query executed on table orders. Affected rows: 4
2025-06-19 12:22:43 [INFO] SELECT query executed on table users. Rows returned: 14
2025-06-19 12:23:25 [INFO] INSERT query executed on table orders. Affected rows: 5
2025-06-19 12:27:48 [ERROR] IntegrityError: foreign key constraint fails
2025-06-19 12:32:19 [INFO] SELECT query executed on table users. Rows returned: 16
2025-06-19 12:32:50 [INFO] DELETE query executed on table orders. Affected rows: 3
2025-06-19 12:35:18 [ERROR] ConnectionError: could not connect to MySQL server
2025-06-19 12:36:53 [INFO] SELECT query executed on table users. Rows returned: 14
2025-06-19 12:40:01 [ERROR] TimeoutError: database operation timed out
2025-06-19 12:41:16 [INFO] UPDATE query executed on table orders. Affected rows: 4
2025-06-19 12:46:01 [ERROR] ConnectionError: could not connect to MySQL server
2025-06-19 12:49:03 [ERROR] IntegrityError: foreign key constraint fails
2025-06-19 12:50:35 [INFO] SELECT query executed on table users. Rows returned: 14
2025-06-19 12:53:48 [ERROR] MySQLSyntaxErrorException: syntax error at or near 'WHERE'
2025-06-19 12:56:16 [INFO] SELECT query executed on table users. Rows returned: 6
2025-06-19 12:58:47 [ERROR] MySQLSyntaxErrorException: syntax error at or near 'WHERE'
2025-06-19 13:01:26 [INFO] DELETE query executed on table orders. Affected rows: 1
2025-06-19 13:02:14 [DEBUG] API Request: /orders - Response time: 0.213s
2025-06-19 13:03:33 [INFO] INSERT query executed on table orders. Affected rows: 4
2025-06-19 13:04:49 [ERROR] ConnectionError: could not connect to MySQL server
2025-06-19 13:08:26 [WARNING] Slow query detected. Execution time: 0.087s
2025-06-19 13:10:29 [INFO] UPDATE query executed on table orders. Affected rows: 3
2025-06-19 13:11:10 [INFO] DELETE query executed on table orders. Affected rows: 2
2025-06-19 13:14:41 [INFO] INSERT query executed on table orders. Affected rows: 2
2025-06-19 13:15:57 [INFO] SELECT query executed on table users. Rows returned: 6
2025-06-19 13:20:37 [INFO] UPDATE query executed on table orders. Affected rows: 5
2025-06-19 13:21:12 [WARNING] Slow query detected. Execution time: 1.073s
2025-06-19 13:23:56 [INFO] INSERT query executed on table orders. Affected rows: 4
2025-06-19 13:28:56 [INFO] INSERT query executed on table orders. Affected rows: 4
2025-06-19 13:33:41 [DEBUG] API Request: /products - Response time: 1.079s
2025-06-19 13:38:03 [ERROR] TimeoutError: database operation timed out
2025-06-19 13:42:40 [INFO] UPDATE query executed on table orders. Affected rows: 5
2025-06-19 13:47:34 [INFO] SELECT query executed on table users. Rows returned: 18
2025-06-19 13:49:57 [INFO] SELECT query executed on table users. Rows returned: 18
2025-06-19 13:51:45 [INFO] SELECT query executed on table users. Rows returned: 2
2025-06-19 13:53:15 [INFO] INSERT query executed on table orders. Affected rows: 5
2025-06-19 13:54:10 [INFO] UPDATE query executed on table orders. Affected rows: 2
2025-06-19 13:55:34 [INFO] UPDATE query executed on table orders. Affected rows: 4
2025-06-19 13:57:33 [INFO] INSERT query executed on table orders. Affected rows: 2
2025-06-19 14:00:00 [INFO] UPDATE query executed on table orders. Affected rows: 1
2025-06-19 14:04:45 [DEBUG] API Request: /users - Response time: 0.58s
2025-06-19 14:09:20 [INFO] INSERT query executed on table orders. Affected rows: 5
2025-06-19 14:10:44 [ERROR] IntegrityError: foreign key constraint fails
2025-06-19 14:15:24 [INFO] SELECT query executed on table users. Rows returned: 3
2025-06-19 14:19:29 [INFO] UPDATE query executed on table orders. Affected rows: 3
2025-06-19 14:22:58 [INFO] DELETE query executed on table orders. Affected rows: 2
2025-06-19 14:26:41 [ERROR] IntegrityError: foreign key constraint fails
2025-06-19 14:31:27 [INFO] INSERT query executed on table orders. Affected rows: 5
2025-06-19 14:32:26 [WARNING] Slow query detected. Execution time: 0.963s
2025-06-19 14:36:43 [INFO] INSERT query executed on table orders. Affected rows: 1
2025-06-19 14:40:22 [DEBUG] API Request: /signup - Response time: 1.365s
2025-06-19 14:43:42 [INFO] INSERT query executed on table orders. Affected rows: 2
2025-06-19 14:46:13 [INFO] SELECT query executed on table users. Rows returned: 7
2025-06-19 14:50:28 [ERROR] ConnectionError: could not connect to MySQL server
2025-06-19 14:51:10 [DEBUG] API Request: /orders - Response time: 1.207s
2025-06-19 14:54:41 [INFO] INSERT query executed on table orders. Affected rows: 2
2025-06-19 14:55:31 [INFO] UPDATE query executed on table orders. Affected rows: 1
2025-06-19 14:56:39 [INFO] INSERT query executed on table orders. Affected rows: 2
2025-06-19 15:01:32 [INFO] UPDATE query executed on table orders. Affected rows: 2
2025-06-19 15:05:39 [INFO] INSERT query executed on table orders. Affected rows: 2
2025-06-19 15:09:23 [INFO] UPDATE query executed on table orders. Affected rows: 4
2025-06-19 15:09:59 [ERROR] MySQLSyntaxErrorException: syntax error at or near 'WHERE'
2025-06-19 15:14:33 [INFO] UPDATE query executed on table orders. Affected rows: 1
2025-06-19 15:18:02 [DEBUG] API Request: /users - Response time: 0.464s
2025-06-19 15:19:35 [INFO] SELECT query executed on table users. Rows returned: 7
2025-06-19 15:21:54 [INFO] INSERT query executed on table orders. Affected rows: 5
2025-06-19 15:26:23 [WARNING] Slow query detected. Execution time: 0.136s
2025-06-19 15:27:27 [INFO] UPDATE query executed on table orders. Affected rows: 2
2025-06-19 15:28:17 [INFO] INSERT query executed on table orders. Affected rows: 4
2025-06-19 15:31:39 [INFO] INSERT query executed on table orders. Affected rows: 1
2025-06-19 15:32:36 [WARNING] Slow query detected. Execution time: 0.967s
2025-06-19 15:35:39 [INFO] DELETE query executed on table orders. Affected rows: 2
2025-06-19 15:38:44 [INFO] SELECT query executed on table users. Rows returned: 3
2025-06-19 15:39:17 [INFO] UPDATE query executed on table orders. Affected rows: 1
2025-06-19 15:41:24 [INFO] INSERT query executed on table orders. Affected rows: 3
2025-06-19 15:43:26 [INFO] UPDATE query executed on table orders. Affected rows: 4
2025-06-19 15:44:56 [ERROR] MySQLSyntaxErrorException: syntax error at or near 'WHERE'
2025-06-19 15:47:48 [INFO] SELECT query executed on table users. Rows returned: 8
2025-06-19 15:49:38 [INFO] SELECT query executed on table users. Rows returned: 3
2025-06-19 15:53:20 [INFO] INSERT query executed on table orders. Affected rows: 4
2025-06-19 15:56:25 [INFO] INSERT query executed on table orders. Affected rows: 5
2025-06-19 16:01:09 [INFO] UPDATE query executed on table orders. Affected rows: 5
2025-06-19 16:04:42 [DEBUG] API Request: /logout - Response time: 1.041s
2025-06-19 16:06:35 [INFO] DELETE query executed on table orders. Affected rows: 3
2025-06-19 16:10:08 [INFO] SELECT query executed on table users. Rows returned: 2
2025-06-19 16:12:18 [INFO] DELETE query executed on table orders. Affected rows: 4
2025-06-19 16:13:40 [INFO] INSERT query executed on table orders. Affected rows: 4
2025-06-19 16:15:51 [INFO] INSERT query executed on table orders. Affected rows: 3
2025-06-19 16:20:44 [WARNING] Slow query detected. Execution time: 0.574s
2025-06-19 16:22:04 [INFO] INSERT query executed on table orders. Affected rows: 2
2025-06-19 16:25:58 [INFO] DELETE query executed on table orders. Affected rows: 1
2025-06-19 16:30:55 [INFO] SELECT query executed on table users. Rows returned: 2
2025-06-19 16:32:11 [INFO] INSERT query executed on table orders. Affected rows: 1
2025-06-19 16:36:50 [DEBUG] API Request: /signup - Response time: 0.672s
2025-06-19 16:38:05 [INFO] SELECT query executed on table users. Rows returned: 17
2025-06-19 16:40:43 [ERROR] ConnectionError: could not connect to MySQL server
2025-06-19 16:43:47 [INFO] UPDATE query executed on table orders. Affected rows: 3
2025-06-19 16:45:32 [INFO] SELECT query executed on table users. Rows returned: 16
2025-06-19 16:47:11 [INFO] UPDATE query executed on table orders. Affected rows: 1
2025-06-19 16:50:07 [DEBUG] API Request: /logout - Response time: 0.858s
2025-06-19 16:50:39 [INFO] UPDATE query executed on table orders. Affected rows: 3
2025-06-19 16:53:36 [INFO] INSERT query executed on table orders. Affected rows: 1
2025-06-19 16:56:17 [ERROR] IntegrityError: foreign key constraint fails
2025-06-19 17:01:06 [INFO] INSERT query executed on table orders. Affected rows: 3
2025-06-19 17:05:56 [INFO] UPDATE query executed on table orders. Affected rows: 5
2025-06-19 17:07:59 [INFO] DELETE query executed on table orders. Affected rows: 1
2025-06-19 17:09:56 [DEBUG] API Request: /products - Response time: 0.728s
2025-06-19 17:13:59 [INFO] INSERT query executed on table orders. Affected rows: 1
2025-06-19 17:18:14 [INFO] DELETE query executed on table orders. Affected rows: 3
2025-06-19 17:18:53 [INFO] DELETE query executed on table orders. Affected rows: 1
2025-06-19 17:23:19 [DEBUG] API Request: /signup - Response time: 0.117s
2025-06-19 17:25:10 [INFO] UPDATE query executed on table orders. Affected rows: 3
2025-06-19 17:26:02 [WARNING] Slow query detected. Execution time: 0.079s
2025-06-19 17:26:32 [INFO] INSERT query executed on table orders. Affected rows: 5
2025-06-19 17:28:41 [INFO] DELETE query executed on table orders. Affected rows: 4
2025-06-19 17:31:03 [INFO] INSERT query executed on table orders. Affected rows: 2
2025-06-19 17:35:52 [DEBUG] API Request: /signup - Response time: 1.221s
2025-06-19 17:38:36 [INFO] UPDATE query executed on table orders. Affected rows: 2
2025-06-19 17:43:03 [INFO] UPDATE query executed on table orders. Affected rows: 4
2025-06-19 17:43:52 [INFO] INSERT query executed on table orders. Affected rows: 3
2025-06-19 17:48:43 [INFO] INSERT query executed on table orders. Affected rows: 5
2025-06-19 17:52:19 [ERROR] TimeoutError: database operation timed out
2025-06-19 17:54:10 [INFO] SELECT query executed on table users. Rows returned: 10
2025-06-19 17:56:14 [DEBUG] API Request: /signup - Response time: 1.478s
2025-06-19 17:57:58 [INFO] DELETE query executed on table orders. Affected rows: 2
2025-06-19 18:02:47 [INFO] DELETE query executed on table orders. Affected rows: 1
2025-06-19 18:04:21 [INFO] SELECT query executed on table users. Rows returned: 18
2025-06-19 18:08:21 [INFO] DELETE query executed on table orders. Affected rows: 1
2025-06-19 18:09:54 [INFO] INSERT query executed on table orders. Affected rows: 5
2025-06-19 18:11:48 [ERROR] ConnectionError: could not connect to MySQL server
2025-06-19 18:16:28 [INFO] UPDATE query executed on table orders. Affected rows: 2
2025-06-19 18:19:36 [ERROR] ConnectionError: could not connect to MySQL server
2025-06-19 18:23:34 [INFO] UPDATE query executed on table orders. Affected rows: 4
2025-06-19 18:28:05 [INFO] SELECT query executed on table users. Rows returned: 15
2025-06-19 18:29:45 [INFO] INSERT query executed on table orders. Affected rows: 4
2025-06-19 18:33:52 [INFO] INSERT query executed on table orders. Affected rows: 4
2025-06-19 18:35:15 [INFO] UPDATE query executed on table orders. Affected rows: 5
2025-06-19 18:38:12 [WARNING] Slow query detected. Execution time: 0.823s
2025-06-19 18:40:39 [INFO] SELECT query executed on table users. Rows returned: 16
2025-06-19 18:44:03 [INFO] DELETE query executed on table orders. Affected rows: 3
2025-06-19 18:46:29 [WARNING] Slow query detected. Execution time: 0.932s
2025-06-19 18:49:26 [INFO] DELETE query executed on table orders. Affected rows: 3
2025-06-19 18:50:46 [WARNING] Slow query detected. Execution time: 0.462s
2025-06-19 18:52:28 [INFO] DELETE query executed on table orders. Affected rows: 4
2025-06-19 18:55:33 [INFO] INSERT query executed on table orders. Affected rows: 5
2025-06-19 18:58:13 [INFO] SELECT query executed on table users. Rows returned: 11
2025-06-19 18:59:52 [ERROR] IntegrityError: foreign key constraint fails
2025-06-19 19:02:38 [INFO] INSERT query executed on table orders. Affected rows: 3
2025-06-19 19:07:03 [INFO] DELETE query executed on table orders. Affected rows: 1
2025-06-19 19:08:11 [INFO] SELECT query executed on table users. Rows returned: 7
2025-06-19 19:09:32 [INFO] DELETE query executed on table orders. Affected rows: 3
2025-06-19 19:10:07 [INFO] SELECT query executed on table users. Rows returned: 12
2025-06-19 19:12:10 [INFO] SELECT query executed on table users. Rows returned: 17
2025-06-19 19:14:20 [DEBUG] API Request: /products - Response time: 0.266s
2025-06-19 19:15:41 [INFO] DELETE query executed on table orders. Affected rows: 5
2025-06-19 19:16:55 [INFO] UPDATE query executed on table orders. Affected rows: 1
2025-06-19 19:21:19 [INFO] UPDATE query executed on table orders. Affected rows: 3
2025-06-19 19:25:12 [INFO] DELETE query executed on table orders. Affected rows: 2
2025-06-19 19:29:43 [WARNING] Slow query detected. Execution time: 1.48s
2025-06-19 19:32:52 [INFO] UPDATE query executed on table orders. Affected rows: 5
2025-06-19 19:35:25 [INFO] DELETE query executed on table orders. Affected rows: 5
2025-06-19 19:36:32 [INFO] SELECT query executed on table users. Rows returned: 12
2025-06-19 19:38:11 [INFO] DELETE query executed on table orders. Affected rows: 1
2025-06-19 19:40:41 [INFO] SELECT query executed on table users. Rows returned: 8
2025-06-19 19:44:23 [INFO] INSERT query executed on table orders. Affected rows: 5
2025-06-19 19:46:39 [WARNING] Slow query detected. Execution time: 0.805s
2025-06-19 19:48:31 [DEBUG] API Request: /products - Response time: 0.181s
2025-06-19 19:53:29 [INFO] UPDATE query executed on table orders. Affected rows: 1
2025-06-19 19:55:11 [DEBUG] API Request: /signup - Response time: 0.23s
2025-06-19 19:56:28 [INFO] UPDATE query executed on table orders. Affected rows: 3
2025-06-19 20:01:20 [INFO] DELETE query executed on table orders. Affected rows: 4
2025-06-19 20:02:42 [INFO] INSERT query executed on table orders. Affected rows: 4
2025-06-19 20:06:37 [INFO] UPDATE query executed on table orders. Affected rows: 1
2025-06-19 20:07:42 [INFO] DELETE query executed on table orders. Affected rows: 4
2025-06-19 20:10:02 [DEBUG] API Request: /login - Response time: 0.978s
2025-06-19 20:14:37 [WARNING] Slow query detected. Execution time: 0.313s
2025-06-19 20:19:28 [ERROR] MySQLSyntaxErrorException: syntax error at or near 'WHERE'
2025-06-19 20:21:55 [ERROR] TimeoutError: database operation timed out
2025-06-19 20:25:36 [INFO] INSERT query executed on table orders. Affected rows: 3
2025-06-19 20:26:30 [INFO] SELECT query executed on table users. Rows returned: 19
2025-06-19 20:29:45 [INFO] DELETE query executed on table orders. Affected rows: 3
2025-06-19 20:32:43 [INFO] SELECT query executed on table users. Rows returned: 14
2025-06-19 20:33:42 [INFO] INSERT query executed on table orders. Affected rows: 2
2025-06-19 20:37:46 [DEBUG] API Request: /users - Response time: 0.24s
2025-06-19 20:42:22 [INFO] INSERT query executed on table orders. Affected rows: 5
2025-06-19 20:47:18 [INFO] SELECT query executed on table users. Rows returned: 12
2025-06-19 20:50:26 [INFO] INSERT query executed on table orders. Affected rows: 5
2025-06-19 20:51:30 [ERROR] IntegrityError: foreign key constraint fails
2025-06-19 20:53:01 [INFO] UPDATE query executed on table orders. Affected rows: 3
2025-06-19 20:54:09 [INFO] INSERT query executed on table orders. Affected rows: 1
2025-06-19 20:54:47 [INFO] UPDATE query executed on table orders. Affected rows: 5
2025-06-19 20:57:01 [INFO] SELECT query executed on table users. Rows returned: 14
2025-06-19 20:57:41 [WARNING] Slow query detected. Execution time: 0.386s
2025-06-19 20:59:39 [INFO] DELETE query executed on table orders. Affected rows: 3
2025-06-19 21:01:02 [INFO] INSERT query executed on table orders. Affected rows: 1
2025-06-19 21:05:25 [ERROR] MySQLSyntaxErrorException: syntax error at or near 'WHERE'
2025-06-19 21:07:06 [INFO] DELETE query executed on table orders. Affected rows: 1
2025-06-19 21:07:39 [INFO] SELECT query executed on table users. Rows returned: 10
2025-06-19 21:08:56 [INFO] DELETE query executed on table orders. Affected rows: 3
2025-06-19 21:10:56 [INFO] DELETE query executed on table orders. Affected rows: 3
2025-06-19 21:14:59 [INFO] SELECT query executed on table users. Rows returned: 6
2025-06-19 21:18:37 [INFO] SELECT query executed on table users. Rows returned: 11
2025-06-19 21:20:33 [INFO] INSERT query executed on table orders. Affected rows: 4
2025-06-19 21:25:30 [INFO] DELETE query executed on table orders. Affected rows: 1
2025-06-19 21:28:36 [INFO] INSERT query executed on table orders. Affected rows: 4
2025-06-19 21:29:53 [INFO] INSERT query executed on table orders. Affected rows: 5
2025-06-19 21:34:24 [INFO] DELETE query executed on table orders. Affected rows: 3
2025-06-19 21:38:48 [INFO] DELETE query executed on table orders. Affected rows: 4
2025-06-19 21:41:24 [ERROR] IntegrityError: foreign key constraint fails
2025-06-19 21:43:50 [ERROR] IntegrityError: foreign key constraint fails
2025-06-19 21:47:57 [INFO] INSERT query executed on table orders. Affected rows: 1
2025-06-19 21:51:26 [INFO] SELECT query executed on table users. Rows returned: 17
2025-06-19 21:55:53 [ERROR] MySQLSyntaxErrorException: syntax error at or near 'WHERE'
2025-06-19 21:58:39 [INFO] SELECT query executed on table users. Rows returned: 14
2025-06-19 22:02:38 [INFO] DELETE query executed on table orders. Affected rows: 2
2025-06-19 22:04:46 [ERROR] TimeoutError: database operation timed out
2025-06-19 22:09:01 [INFO] SELECT query executed on table users. Rows returned: 1
2025-06-19 22:09:45 [WARNING] Slow query detected. Execution time: 0.164s
2025-06-19 22:13:04 [INFO] INSERT query executed on table orders. Affected rows: 5
2025-06-19 22:16:34 [INFO] INSERT query executed on table orders. Affected rows: 5
2025-06-19 22:17:21 [INFO] DELETE query executed on table orders. Affected rows: 3
2025-06-19 22:19:51 [INFO] UPDATE query executed on table orders. Affected rows: 3
2025-06-19 22:23:36 [INFO] DELETE query executed on table orders. Affected rows: 5
2025-06-19 22:26:16 [INFO] SELECT query executed on table users. Rows returned: 8
2025-06-19 22:29:30 [WARNING] Slow query detected. Execution time: 1.088s
2025-06-19 22:30:13 [INFO] DELETE query executed on table orders. Affected rows: 5
2025-06-19 22:33:45 [ERROR] ConnectionError: could not connect to MySQL server
2025-06-19 22:36:50 [WARNING] Slow query detected. Execution time: 1.303s
2025-06-19 22:37:44 [INFO] INSERT query executed on table orders. Affected rows: 4
2025-06-19 22:40:49 [INFO] UPDATE query executed on table orders. Affected rows: 5
2025-06-19 22:44:28 [INFO] DELETE query executed on table orders. Affected rows: 5
2025-06-19 22:47:39 [DEBUG] API Request: /logout - Response time: 0.231s
2025-06-19 22:49:00 [DEBUG] API Request: /logout - Response time: 0.4s
2025-06-19 22:53:26 [INFO] DELETE query executed on table orders. Affected rows: 5
2025-06-19 22:55:52 [ERROR] TimeoutError: database operation timed out
2025-06-19 22:58:58 [INFO] DELETE query executed on table orders. Affected rows: 1
2025-06-19 23:03:23 [INFO] SELECT query executed on table users. Rows returned: 14
2025-06-19 23:07:17 [INFO] INSERT query executed on table orders. Affected rows: 4
2025-06-19 23:09:34 [INFO] DELETE query executed on table orders. Affected rows: 2
2025-06-19 23:13:49 [INFO] DELETE query executed on table orders. Affected rows: 1
2025-06-19 23:16:34 [INFO] SELECT query executed on table users. Rows returned: 5
2025-06-19 23:18:45 [INFO] UPDATE query executed on table orders. Affected rows: 2
2025-06-19 23:22:37 [INFO] UPDATE query executed on table orders. Affected rows: 5
2025-06-19 23:25:24 [INFO] SELECT query executed on table users. Rows returned: 1
2025-06-19 23:27:54 [INFO] UPDATE query executed on table orders. Affected rows: 1
2025-06-19 23:29:51 [DEBUG] API Request: /users - Response time: 0.611s
2025-06-19 23:31:28 [ERROR] ConnectionError: could not connect to MySQL server
2025-06-19 23:32:53 [INFO] UPDATE query executed on table orders. Affected rows: 5
2025-06-19 23:36:34 [INFO] UPDATE query executed on table orders. Affected rows: 5
2025-06-19 23:37:17 [ERROR] IntegrityError: foreign key constraint fails
2025-06-19 23:41:37 [INFO] DELETE query executed on table orders. Affected rows: 3
2025-06-19 23:44:39 [ERROR] MySQLSyntaxErrorException: syntax error at or near 'WHERE'
2025-06-19 23:45:11 [INFO] DELETE query executed on table orders. Affected rows: 3
2025-06-19 23:46:07 [INFO] INSERT query executed on table orders. Affected rows: 2
2025-06-19 23:50:14 [ERROR] MySQLSyntaxErrorException: syntax error at or near 'WHERE'
2025-06-19 23:51:18 [INFO] SELECT query executed on table users. Rows returned: 11
2025-06-19 23:54:47 [INFO] INSERT query executed on table orders. Affected rows: 5
2025-06-19 23:56:05 [INFO] SELECT query executed on table users. Rows returned: 14
2025-06-19 23:57:04 [INFO] DELETE query executed on table orders. Affected rows: 5
2025-06-19 23:57:50 [INFO] DELETE query executed on table orders. Affected rows: 3
2025-06-20 00:01:12 [DEBUG] API Request: /logout - Response time: 0.945s
2025-06-20 00:06:08 [INFO] UPDATE query executed on table orders. Affected rows: 4
2025-06-20 00:08:44 [ERROR] ConnectionError: could not connect to MySQL server
2025-06-20 00:09:50 [INFO] UPDATE query executed on table orders. Affected rows: 4
2025-06-20 00:10:52 [INFO] SELECT query executed on table users. Rows returned: 14
2025-06-20 00:15:31 [INFO] INSERT query executed on table orders. Affected rows: 3
2025-06-20 00:18:07 [INFO] DELETE query executed on table orders. Affected rows: 1
2025-06-20 00:20:12 [DEBUG] API Request: /products - Response time: 1.216s
2025-06-20 00:24:02 [DEBUG] API Request: /users - Response time: 0.295s
2025-06-20 00:25:32 [INFO] DELETE query executed on table orders. Affected rows: 5
2025-06-20 00:30:28 [INFO] INSERT query executed on table orders. Affected rows: 2
2025-06-20 00:32:26 [INFO] INSERT query executed on table orders. Affected rows: 2
2025-06-20 00:34:38 [INFO] INSERT query executed on table orders. Affected rows: 4
2025-06-20 00:37:49 [WARNING] Slow query detected. Execution time: 0.96s
2025-06-20 00:42:34 [INFO] INSERT query executed on table orders. Affected rows: 5
2025-06-20 00:43:32 [INFO] INSERT query executed on table orders. Affected rows: 1
2025-06-20 00:48:20 [INFO] INSERT query executed on table orders. Affected rows: 4
2025-06-20 00:53:07 [INFO] INSERT query executed on table orders. Affected rows: 3
2025-06-20 00:56:07 [DEBUG] API Request: /signup - Response time: 1.396s
2025-06-20 01:00:56 [INFO] INSERT query executed on table orders. Affected rows: 3
2025-06-20 01:01:35 [INFO] DELETE query executed on table orders. Affected rows: 1
2025-06-20 01:02:44 [DEBUG] API Request: /login - Response time: 1.361s
2025-06-20 01:04:43 [ERROR] TimeoutError: database operation timed out
2025-06-20 01:09:01 [ERROR] TimeoutError: database operation timed out
2025-06-20 01:09:55 [INFO] DELETE query executed on table orders. Affected rows: 1
2025-06-20 01:12:47 [INFO] SELECT query executed on table users. Rows returned: 4
2025-06-20 01:16:14 [ERROR] IntegrityError: foreign key constraint fails
2025-06-20 01:17:32 [INFO] UPDATE query executed on table orders. Affected rows: 3
2025-06-20 01:18:02 [INFO] DELETE query executed on table orders. Affected rows: 4
2025-06-20 01:20:54 [INFO] UPDATE query executed on table orders. Affected rows: 5
2025-06-20 01:25:32 [INFO] SELECT query executed on table users. Rows returned: 19
2025-06-20 01:27:16 [INFO] DELETE query executed on table orders. Affected rows: 5
2025-06-20 01:29:51 [ERROR] ConnectionError: could not connect to MySQL server
2025-06-20 01:31:32 [DEBUG] API Request: /orders - Response time: 0.746s
2025-06-20 01:35:12 [INFO] UPDATE query executed on table orders. Affected rows: 3
2025-06-20 01:37:42 [INFO] DELETE query executed on table orders. Affected rows: 2
2025-06-20 01:41:25 [INFO] SELECT query executed on table users. Rows returned: 18
2025-06-20 01:46:05 [DEBUG] API Request: /login - Response time: 0.486s
2025-06-20 01:47:55 [ERROR] TimeoutError: database operation timed out
2025-06-20 01:49:33 [DEBUG] API Request: /users - Response time: 1.319s
2025-06-20 01:50:31 [INFO] DELETE query executed on table orders. Affected rows: 1
2025-06-20 01:52:09 [INFO] SELECT query executed on table users. Rows returned: 14
2025-06-20 01:55:24 [ERROR] MySQLSyntaxErrorException: syntax error at or near 'WHERE'
2025-06-20 01:56:39 [INFO] UPDATE query executed on table orders. Affected rows: 1
2025-06-20 02:01:18 [DEBUG] API Request: /users - Response time: 0.313s
2025-06-20 02:05:45 [ERROR] IntegrityError: foreign key constraint fails
2025-06-20 02:06:17 [INFO] INSERT query executed on table orders. Affected rows: 4
2025-06-20 02:11:17 [INFO] DELETE query executed on table orders. Affected rows: 3
2025-06-20 02:12:18 [INFO] UPDATE query executed on table orders. Affected rows: 5
2025-06-20 02:13:10 [INFO] UPDATE query executed on table orders. Affected rows: 1
2025-06-20 02:17:53 [INFO] UPDATE query executed on table orders. Affected rows: 5
2025-06-20 02:20:55 [INFO] UPDATE query executed on table orders. Affected rows: 4
2025-06-20 02:24:02 [INFO] DELETE query executed on table orders. Affected rows: 5
2025-06-20 02:28:56 [INFO] INSERT query executed on table orders. Affected rows: 4
2025-06-20 02:32:48 [ERROR] MySQLSyntaxErrorException: syntax error at or near 'WHERE'
2025-06-20 02:34:21 [INFO] DELETE query executed on table orders. Affected rows: 2
2025-06-20 02:35:58 [INFO] UPDATE query executed on table orders. Affected rows: 1
2025-06-20 02:39:11 [ERROR] MySQLSyntaxErrorException: syntax error at or near 'WHERE'
2025-06-20 02:40:19 [INFO] UPDATE query executed on table orders. Affected rows: 5
2025-06-20 02:44:43 [INFO] DELETE query executed on table orders. Affected rows: 3
2025-06-20 02:45:44 [INFO] SELECT query executed on table users. Rows returned: 15
2025-06-20 02:47:28 [DEBUG] API Request: /signup - Response time: 0.586s
2025-06-20 02:52:12 [ERROR] MySQLSyntaxErrorException: syntax error at or near 'WHERE'
2025-06-20 02:55:53 [INFO] SELECT query executed on table users. Rows returned: 15
2025-06-20 02:56:55 [WARNING] Slow query detected. Execution time: 0.806s
2025-06-20 02:57:29 [INFO] SELECT query executed on table users. Rows returned: 9
2025-06-20 03:00:29 [ERROR] TimeoutError: database operation timed out
2025-06-20 03:02:39 [INFO] UPDATE query executed on table orders. Affected rows: 1
2025-06-20 03:06:13 [WARNING] Slow query detected. Execution time: 0.805s
2025-06-20 03:09:30 [INFO] DELETE query executed on table orders. Affected rows: 4
2025-06-20 03:10:15 [DEBUG] API Request: /users - Response time: 0.767s
2025-06-20 03:13:04 [ERROR] TimeoutError: database operation timed out
2025-06-20 03:15:35 [INFO] UPDATE query executed on table orders. Affected rows: 4
2025-06-20 03:20:12 [INFO] INSERT query executed on table orders. Affected rows: 4
2025-06-20 03:21:25 [INFO] UPDATE query executed on table orders. Affected rows: 4
2025-06-20 03:26:05 [INFO] DELETE query executed on table orders. Affected rows: 1
2025-06-20 03:27:33 [INFO] INSERT query executed on table orders. Affected rows: 2
2025-06-20 03:28:28 [INFO] DELETE query executed on table orders. Affected rows: 3
2025-06-20 03:31:08 [INFO] INSERT query executed on table orders. Affected rows: 4
2025-06-20 03:34:23 [INFO] SELECT query executed on table users. Rows returned: 16
2025-06-20 03:39:12 [DEBUG] API Request: /products - Response time: 0.88s
2025-06-20 03:41:30 [INFO] UPDATE query executed on table orders. Affected rows: 3
2025-06-20 03:45:28 [INFO] UPDATE query executed on table orders. Affected rows: 5
2025-06-20 03:49:28 [INFO] INSERT query executed on table orders. Affected rows: 1
2025-06-20 03:53:02 [INFO] DELETE query executed on table orders. Affected rows: 3
2025-06-20 03:54:26 [WARNING] Slow query detected. Execution time: 1.103s
2025-06-20 03:58:27 [INFO] INSERT query executed on table orders. Affected rows: 2
2025-06-20 04:00:26 [DEBUG] API Request: /users - Response time: 0.253s
2025-06-20 04:03:58 [INFO] SELECT query executed on table users. Rows returned: 14
2025-06-20 04:07:21 [DEBUG] API Request: /users - Response time: 0.81s
2025-06-20 04:10:51 [ERROR] ConnectionError: could not connect to MySQL server
2025-06-20 04:15:00 [INFO] SELECT query executed on table users. Rows returned: 18
2025-06-20 04:18:47 [WARNING] Slow query detected. Execution time: 0.06s
2025-06-20 04:20:31 [WARNING] Slow query detected. Execution time: 0.999s
2025-06-20 04:23:44 [INFO] UPDATE query executed on table orders. Affected rows: 5
2025-06-20 04:25:42 [ERROR] ConnectionError: could not connect to MySQL server
2025-06-20 04:26:27 [INFO] INSERT query executed on table orders. Affected rows: 5
2025-06-20 04:27:01 [INFO] INSERT query executed on table orders. Affected rows: 1
2025-06-20 04:29:08 [ERROR] TimeoutError: database operation timed out
2025-06-20 04:31:42 [INFO] DELETE query executed on table orders. Affected rows: 3
2025-06-20 04:34:09 [ERROR] MySQLSyntaxErrorException: syntax error at or near 'WHERE'
2025-06-20 04:34:51 [INFO] INSERT query executed on table orders. Affected rows: 2
2025-06-20 04:39:00 [INFO] DELETE query executed on table orders. Affected rows: 5
2025-06-20 04:43:19 [INFO] SELECT query executed on table users. Rows returned: 9
2025-06-20 04:45:01 [INFO] INSERT query executed on table orders. Affected rows: 5
2025-06-20 04:48:47 [INFO] SELECT query executed on table users. Rows returned: 18
2025-06-20 04:53:36 [INFO] SELECT query executed on table users. Rows returned: 3
2025-06-20 04:54:28 [INFO] SELECT query executed on table users. Rows returned: 3
2025-06-20 04:56:49 [INFO] SELECT query executed on table users. Rows returned: 15
2025-06-20 04:58:06 [DEBUG] API Request: /signup - Response time: 1.192s
2025-06-20 04:58:52 [INFO] INSERT query executed on table orders. Affected rows: 5
2025-06-20 04:59:39 [DEBUG] API Request: /signup - Response time: 0.206s
2025-06-20 05:01:36 [INFO] SELECT query executed on table users. Rows returned: 19
2025-06-20 05:05:19 [INFO] DELETE query executed on table orders. Affected rows: 5
2025-06-20 05:10:16 [INFO] DELETE query executed on table orders. Affected rows: 3
2025-06-20 05:14:27 [DEBUG] API Request: /login - Response time: 0.619s
2025-06-20 05:19:11 [INFO] DELETE query executed on table orders. Affected rows: 2
2025-06-20 05:23:05 [INFO] INSERT query executed on table orders. Affected rows: 4
2025-06-20 05:26:18 [INFO] SELECT query executed on table users. Rows returned: 14
2025-06-20 05:30:52 [INFO] INSERT query executed on table orders. Affected rows: 4
2025-06-20 05:33:35 [INFO] SELECT query executed on table users. Rows returned: 10
2025-06-20 05:37:26 [ERROR] ConnectionError: could not connect to MySQL server
2025-06-20 05:41:18 [ERROR] MySQLSyntaxErrorException: syntax error at or near 'WHERE'
2025-06-20 05:43:51 [INFO] INSERT query executed on table orders. Affected rows: 4
2025-06-20 05:46:20 [DEBUG] API Request: /logout - Response time: 0.292s
2025-06-20 05:50:03 [INFO] INSERT query executed on table orders. Affected rows: 1
2025-06-20 05:54:39 [INFO] SELECT query executed on table users. Rows returned: 14
2025-06-20 05:57:22 [INFO] SELECT query executed on table users. Rows returned: 1
2025-06-20 05:59:01 [INFO] INSERT query executed on table orders. Affected rows: 2
2025-06-20 06:02:18 [INFO] UPDATE query executed on table orders. Affected rows: 1
2025-06-20 06:04:33 [INFO] INSERT query executed on table orders. Affected rows: 1
2025-06-20 06:05:40 [INFO] UPDATE query executed on table orders. Affected rows: 3
2025-06-20 06:08:12 [INFO] SELECT query executed on table users. Rows returned: 10
2025-06-20 06:12:46 [INFO] UPDATE query executed on table orders. Affected rows: 1
2025-06-20 06:16:12 [INFO] INSERT query executed on table orders. Affected rows: 2
2025-06-20 06:17:17 [INFO] INSERT query executed on table orders. Affected rows: 4
2025-06-20 06:19:34 [INFO] INSERT query executed on table orders. Affected rows: 2
2025-06-20 06:20:36 [WARNING] Slow query detected. Execution time: 0.868s
2025-06-20 06:24:53 [INFO] DELETE query executed on table orders. Affected rows: 4
2025-06-20 06:26:26 [ERROR] TimeoutError: database operation timed out
2025-06-20 06:29:10 [DEBUG] API Request: /products - Response time: 1.322s
2025-06-20 06:31:04 [INFO] DELETE query executed on table orders. Affected rows: 1
2025-06-20 06:34:08 [INFO] UPDATE query executed on table orders. Affected rows: 5
2025-06-20 06:37:31 [WARNING] Slow query detected. Execution time: 0.585s
2025-06-20 06:41:45 [INFO] UPDATE query executed on table orders. Affected rows: 3
2025-06-20 06:46:19 [INFO] INSERT query executed on table orders. Affected rows: 3
2025-06-20 06:47:04 [INFO] UPDATE query executed on table orders. Affected rows: 4
2025-06-20 06:49:45 [INFO] SELECT query executed on table users. Rows returned: 2
2025-06-20 06:50:48 [INFO] DELETE query executed on table orders. Affected rows: 5
2025-06-20 06:53:55 [INFO] INSERT query executed on table orders. Affected rows: 1
2025-06-20 06:55:22 [WARNING] Slow query detected. Execution time: 0.997s
2025-06-20 06:56:29 [INFO] DELETE query executed on table orders. Affected rows: 5
2025-06-20 06:59:19 [ERROR] MySQLSyntaxErrorException: syntax error at or near 'WHERE'
2025-06-20 07:00:59 [INFO] UPDATE query executed on table orders. Affected rows: 4
2025-06-20 07:02:17 [INFO] INSERT query executed on table orders. Affected rows: 2
2025-06-20 07:04:50 [INFO] DELETE query executed on table orders. Affected rows: 5
2025-06-20 07:06:37 [INFO] SELECT query executed on table users. Rows returned: 16
2025-06-20 07:08:05 [INFO] SELECT query executed on table users. Rows returned: 2
2025-06-20 07:09:10 [WARNING] Slow query detected. Execution time: 1.251s
2025-06-20 07:10:49 [ERROR] ConnectionError: could not connect to MySQL server
2025-06-20 07:13:17 [DEBUG] API Request: /products - Response time: 1.345s
2025-06-20 07:15:56 [INFO] SELECT query executed on table users. Rows returned: 18
2025-06-20 07:17:38 [INFO] UPDATE query executed on table orders. Affected rows: 5
2025-06-20 07:18:51 [INFO] SELECT query executed on table users. Rows returned: 6
2025-06-20 07:23:43 [INFO] SELECT query executed on table users. Rows returned: 15
2025-06-20 07:26:12 [INFO] SELECT query executed on table users. Rows returned: 19
2025-06-20 07:28:36 [DEBUG] API Request: /products - Response time: 0.144s
2025-06-20 07:31:40 [INFO] INSERT query executed on table orders. Affected rows: 1
2025-06-20 07:33:44 [INFO] DELETE query executed on table orders. Affected rows: 2
2025-06-20 07:34:58 [INFO] SELECT query executed on table users. Rows returned: 9
2025-06-20 07:38:19 [INFO] SELECT query executed on table users. Rows returned: 4
2025-06-20 07:42:50 [WARNING] Slow query detected. Execution time: 0.633s
2025-06-20 07:44:32 [INFO] SELECT query executed on table users. Rows returned: 1
2025-06-20 07:49:11 [DEBUG] API Request: /orders - Response time: 0.505s
2025-06-20 07:53:11 [DEBUG] API Request: /users - Response time: 0.906s
2025-06-20 07:57:49 [INFO] DELETE query executed on table orders. Affected rows: 3
2025-06-20 08:01:10 [INFO] UPDATE query executed on table orders. Affected rows: 3
2025-06-20 08:03:25 [INFO] UPDATE query executed on table orders. Affected rows: 4
2025-06-20 08:04:55 [INFO] UPDATE query executed on table orders. Affected rows: 4
2025-06-20 08:07:29 [WARNING] Slow query detected. Execution time: 0.136s
2025-06-20 08:10:31 [INFO] SELECT query executed on table users. Rows returned: 6
2025-06-20 08:15:14 [INFO] INSERT query executed on table orders. Affected rows: 4
2025-06-20 08:19:14 [INFO] INSERT query executed on table orders. Affected rows: 1
2025-06-20 08:23:17 [ERROR] IntegrityError: foreign key constraint fails
2025-06-20 08:24:27 [INFO] INSERT query executed on table orders. Affected rows: 1
2025-06-20 08:28:36 [ERROR] IntegrityError: foreign key constraint fails
2025-06-20 08:31:45 [INFO] INSERT query executed on table orders. Affected rows: 4
2025-06-20 08:32:42 [INFO] INSERT query executed on table orders. Affected rows: 5
2025-06-20 08:35:45 [INFO] DELETE query executed on table orders. Affected rows: 4
2025-06-20 08:39:30 [WARNING] Slow query detected. Execution time: 1.36s
2025-06-20 08:40:25 [WARNING] Slow query detected. Execution time: 0.337s
2025-06-20 08:42:00 [INFO] SELECT query executed on table users. Rows returned: 12
2025-06-20 08:42:57 [ERROR] TimeoutError: database operation timed out
2025-06-20 08:45:49 [INFO] SELECT query executed on table users. Rows returned: 5
2025-06-20 08:48:15 [INFO] UPDATE query executed on table orders. Affected rows: 1
2025-06-20 08:50:41 [ERROR] MySQLSyntaxErrorException: syntax error at or near 'WHERE'
2025-06-20 08:52:01 [DEBUG] API Request: /orders - Response time: 0.29s
2025-06-20 08:56:23 [ERROR] IntegrityError: foreign key constraint fails
2025-06-20 09:01:13 [ERROR] MySQLSyntaxErrorException: syntax error at or near 'WHERE'
2025-06-20 09:04:00 [INFO] INSERT query executed on table orders. Affected rows: 2
2025-06-20 09:05:18 [INFO] DELETE query executed on table orders. Affected rows: 3
2025-06-20 09:07:28 [INFO] INSERT query executed on table orders. Affected rows: 1
2025-06-20 09:10:03 [INFO] SELECT query executed on table users. Rows returned: 3
2025-06-20 09:12:02 [INFO] INSERT query executed on table orders. Affected rows: 2
2025-06-20 09:13:16 [INFO] SELECT query executed on table users. Rows returned: 2
2025-06-20 09:17:46 [INFO] UPDATE query executed on table orders. Affected rows: 3
2025-06-20 09:19:14 [INFO] DELETE query executed on table orders. Affected rows: 2
2025-06-20 09:20:07 [INFO] INSERT query executed on table orders. Affected rows: 2
2025-06-20 09:23:30 [DEBUG] API Request: /users - Response time: 1.395s
2025-06-20 09:24:17 [ERROR] MySQLSyntaxErrorException: syntax error at or near 'WHERE'
2025-06-20 09:25:21 [INFO] UPDATE query executed on table orders. Affected rows: 3
2025-06-20 09:26:50 [DEBUG] API Request: /products - Response time: 1.055s
2025-06-20 09:30:22 [DEBUG] API Request: /orders - Response time: 1.091s
2025-06-20 09:33:58 [INFO] DELETE query executed on table orders. Affected rows: 1
2025-06-20 09:36:28 [WARNING] Slow query detected. Execution time: 0.414s
2025-06-20 09:39:55 [WARNING] Slow query detected. Execution time: 1.142s
2025-06-20 09:41:14 [INFO] SELECT query executed on table users. Rows returned: 10
2025-06-20 09:43:04 [INFO] SELECT query executed on table users. Rows returned: 17
2025-06-20 09:45:31 [INFO] UPDATE query executed on table orders. Affected rows: 4
2025-06-20 09:49:42 [DEBUG] API Request: /products - Response time: 1.362s
2025-06-20 09:53:57 [INFO] INSERT query executed on table orders. Affected rows: 5
2025-06-20 09:56:55 [INFO] DELETE query executed on table orders. Affected rows: 5
2025-06-20 10:00:01 [INFO] DELETE query executed on table orders. Affected rows: 3
2025-06-20 10:02:44 [INFO] DELETE query executed on table orders. Affected rows: 3
2025-06-20 10:07:29 [DEBUG] API Request: /products - Response time: 1.037s
2025-06-20 10:08:29 [INFO] INSERT query executed on table orders. Affected rows: 3
2025-06-20 10:12:15 [INFO] UPDATE query executed on table orders. Affected rows: 2
2025-06-20 10:16:11 [ERROR] ConnectionError: could not connect to MySQL server
2025-06-20 10:20:52 [DEBUG] API Request: /signup - Response time: 1.163s
2025-06-20 10:22:42 [INFO] UPDATE query executed on table orders. Affected rows: 5
2025-06-20 10:24:15 [INFO] SELECT query executed on table users. Rows returned: 18
2025-06-20 10:27:12 [WARNING] Slow query detected. Execution time: 1.104s
2025-06-20 10:30:49 [DEBUG] API Request: /orders - Response time: 1.337s
2025-06-20 10:35:16 [INFO] SELECT query executed on table users. Rows returned: 17
2025-06-20 10:37:44 [INFO] SELECT query executed on table users. Rows returned: 6
2025-06-20 10:41:15 [INFO] DELETE query executed on table orders. Affected rows: 3
2025-06-20 10:42:30 [INFO] INSERT query executed on table orders. Affected rows: 3
2025-06-20 10:47:24 [WARNING] Slow query detected. Execution time: 0.485s
2025-06-20 10:51:22 [ERROR] TimeoutError: database operation timed out
2025-06-20 10:54:32 [INFO] DELETE query executed on table orders. Affected rows: 4
2025-06-20 10:55:41 [WARNING] Slow query detected. Execution time: 1.356s
2025-06-20 10:57:33 [INFO] SELECT query executed on table users. Rows returned: 5
2025-06-20 11:01:29 [INFO] INSERT query executed on table orders. Affected rows: 1
2025-06-20 11:01:59 [INFO] UPDATE query executed on table orders. Affected rows: 1
2025-06-20 11:04:33 [WARNING] Slow query detected. Execution time: 1.401s
2025-06-20 11:06:44 [INFO] UPDATE query executed on table orders. Affected rows: 5
2025-06-20 11:10:37 [INFO] UPDATE query executed on table orders. Affected rows: 1
2025-06-20 11:13:49 [INFO] DELETE query executed on table orders. Affected rows: 1
2025-06-20 11:14:43 [INFO] SELECT query executed on table users. Rows returned: 13
2025-06-20 11:18:01 [DEBUG] API Request: /orders - Response time: 0.871s
2025-06-20 11:19:20 [INFO] DELETE query executed on table orders. Affected rows: 4
2025-06-20 11:23:07 [INFO] DELETE query executed on table orders. Affected rows: 4
2025-06-20 11:25:00 [WARNING] Slow query detected. Execution time: 0.605s
2025-06-20 11:25:44 [ERROR] ConnectionError: could not connect to MySQL server
2025-06-20 11:30:23 [INFO] DELETE query executed on table orders. Affected rows: 2
2025-06-20 11:34:02 [INFO] DELETE query executed on table orders. Affected rows: 3
2025-06-20 11:37:26 [INFO] DELETE query executed on table orders. Affected rows: 4
2025-06-20 11:42:17 [INFO] DELETE query executed on table orders. Affected rows: 5
2025-06-20 11:46:45 [INFO] INSERT query executed on table orders. Affected rows: 3
2025-06-20 11:48:30 [INFO] INSERT query executed on table orders. Affected rows: 5
2025-06-20 11:50:34 [INFO] UPDATE query executed on table orders. Affected rows: 1
2025-06-20 11:53:54 [INFO] SELECT query executed on table users. Rows returned: 3
2025-06-20 11:57:45 [INFO] INSERT query executed on table orders. Affected rows: 2
2025-06-20 12:01:42 [DEBUG] API Request: /signup - Response time: 0.706s
2025-06-20 12:03:22 [ERROR] IntegrityError: foreign key constraint fails
2025-06-20 12:06:55 [DEBUG] API Request: /users - Response time: 0.055s
2025-06-20 12:09:43 [ERROR] MySQLSyntaxErrorException: syntax error at or near 'WHERE'
2025-06-20 12:11:52 [ERROR] ConnectionError: could not connect to MySQL server
2025-06-20 12:13:41 [INFO] INSERT query executed on table orders. Affected rows: 1
2025-06-20 12:17:08 [INFO] INSERT query executed on table orders. Affected rows: 4
2025-06-20 12:21:44 [INFO] SELECT query executed on table users. Rows returned: 18
2025-06-20 12:25:08 [INFO] SELECT query executed on table users. Rows returned: 6
2025-06-20 12:28:41 [WARNING] Slow query detected. Execution time: 1.424s
2025-06-20 12:29:27 [ERROR] MySQLSyntaxErrorException: syntax error at or near 'WHERE'
2025-06-20 12:31:39 [INFO] DELETE query executed on table orders. Affected rows: 3
2025-06-20 12:36:26 [ERROR] MySQLSyntaxErrorException: syntax error at or near 'WHERE'
2025-06-20 12:38:58 [INFO] SELECT query executed on table users. Rows returned: 20
2025-06-20 12:39:52 [INFO] SELECT query executed on table users. Rows returned: 10
2025-06-20 12:42:41 [INFO] SELECT query executed on table users. Rows returned: 5
2025-06-20 12:46:17 [DEBUG] API Request: /products - Response time: 0.038s
2025-06-20 12:47:01 [DEBUG] API Request: /login - Response time: 0.473s
2025-06-20 12:50:27 [INFO] UPDATE query executed on table orders. Affected rows: 1
2025-06-20 12:53:48 [INFO] DELETE query executed on table orders. Affected rows: 1
2025-06-20 12:56:17 [DEBUG] API Request: /orders - Response time: 1.2s
2025-06-20 12:57:47 [INFO] INSERT query executed on table orders. Affected rows: 4
2025-06-20 12:58:29 [INFO] UPDATE query executed on table orders. Affected rows: 5
2025-06-20 13:00:31 [INFO] SELECT query executed on table users. Rows returned: 17
2025-06-20 13:02:04 [DEBUG] API Request: /users - Response time: 0.636s
2025-06-20 13:06:01 [INFO] SELECT query executed on table users. Rows returned: 18
2025-06-20 13:07:53 [INFO] UPDATE query executed on table orders. Affected rows: 1
2025-06-20 13:10:18 [INFO] DELETE query executed on table orders. Affected rows: 3
2025-06-20 13:15:07 [DEBUG] API Request: /orders - Response time: 1.391s
2025-06-20 13:17:07 [INFO] DELETE query executed on table orders. Affected rows: 5
2025-06-20 13:18:40 [INFO] SELECT query executed on table users. Rows returned: 3
2025-06-20 13:20:44 [INFO] INSERT query executed on table orders. Affected rows: 5
2025-06-20 13:22:09 [INFO] DELETE query executed on table orders. Affected rows: 4
2025-06-20 13:25:33 [INFO] SELECT query executed on table users. Rows returned: 4
2025-06-20 13:29:13 [INFO] DELETE query executed on table orders. Affected rows: 2
2025-06-20 13:32:01 [INFO] UPDATE query executed on table orders. Affected rows: 4
2025-06-20 13:32:53 [INFO] DELETE query executed on table orders. Affected rows: 2
2025-06-20 13:37:39 [INFO] UPDATE query executed on table orders. Affected rows: 5
2025-06-20 13:41:16 [INFO] DELETE query executed on table orders. Affected rows: 2
2025-06-20 13:43:01 [INFO] INSERT query executed on table orders. Affected rows: 3
2025-06-20 13:46:14 [INFO] SELECT query executed on table users. Rows returned: 16
2025-06-20 13:49:34 [INFO] SELECT query executed on table users. Rows returned: 10
2025-06-20 13:50:14 [WARNING] Slow query detected. Execution time: 0.739s
2025-06-20 13:54:54 [INFO] INSERT query executed on table orders. Affected rows: 5
2025-06-20 13:56:28 [INFO] INSERT query executed on table orders. Affected rows: 5
2025-06-20 13:59:21 [INFO] UPDATE query executed on table orders. Affected rows: 1
2025-06-20 14:00:59 [INFO] SELECT query executed on table users. Rows returned: 18
2025-06-20 14:03:49 [INFO] UPDATE query executed on table orders. Affected rows: 5
2025-06-20 14:05:09 [INFO] DELETE query executed on table orders. Affected rows: 4
2025-06-20 14:08:52 [DEBUG] API Request: /login - Response time: 0.939s
2025-06-20 14:10:19 [DEBUG] API Request: /logout - Response time: 0.545s
2025-06-20 14:13:37 [INFO] INSERT query executed on table orders. Affected rows: 1
2025-06-20 14:14:32 [DEBUG] API Request: /signup - Response time: 0.099s
2025-06-20 14:18:55 [INFO] INSERT query executed on table orders. Affected rows: 3
2025-06-20 14:20:58 [INFO] INSERT query executed on table orders. Affected rows: 1
2025-06-20 14:24:31 [INFO] INSERT query executed on table orders. Affected rows: 5
2025-06-20 14:26:56 [WARNING] Slow query detected. Execution time: 1.125s
2025-06-20 14:28:00 [INFO] SELECT query executed on table users. Rows returned: 4
2025-06-20 14:28:39 [INFO] UPDATE query executed on table orders. Affected rows: 1
2025-06-20 14:29:46 [INFO] INSERT query executed on table orders. Affected rows: 4
2025-06-20 14:30:52 [INFO] SELECT query executed on table users. Rows returned: 14
2025-06-20 14:32:48 [INFO] SELECT query executed on table users. Rows returned: 8
2025-06-20 14:36:20 [DEBUG] API Request: /products - Response time: 0.256s
2025-06-20 14:40:25 [INFO] UPDATE query executed on table orders. Affected rows: 1
2025-06-20 14:43:42 [INFO] SELECT query executed on table users. Rows returned: 10
2025-06-20 14:47:23 [INFO] SELECT query executed on table users. Rows returned: 1
2025-06-20 14:47:58 [INFO] SELECT query executed on table users. Rows returned: 15
2025-06-20 14:48:31 [INFO] SELECT query executed on table users. Rows returned: 9
2025-06-20 14:50:46 [INFO] DELETE query executed on table orders. Affected rows: 4
2025-06-20 14:51:16 [INFO] UPDATE query executed on table orders. Affected rows: 4
2025-06-20 14:52:04 [INFO] DELETE query executed on table orders. Affected rows: 1
2025-06-20 14:53:29 [DEBUG] API Request: /users - Response time: 0.13s
2025-06-20 14:56:58 [INFO] SELECT query executed on table users. Rows returned: 8
2025-06-20 15:01:28 [INFO] UPDATE query executed on table orders. Affected rows: 4
2025-06-20 15:05:24 [INFO] UPDATE query executed on table orders. Affected rows: 1
2025-06-20 15:09:56 [INFO] UPDATE query executed on table orders. Affected rows: 1
2025-06-20 15:12:39 [WARNING] Slow query detected. Execution time: 0.621s
2025-06-20 15:16:55 [INFO] DELETE query executed on table orders. Affected rows: 3
2025-06-20 15:20:49 [DEBUG] API Request: /signup - Response time: 0.655s
2025-06-20 15:23:38 [INFO] SELECT query executed on table users. Rows returned: 10
2025-06-20 15:24:46 [ERROR] ConnectionError: could not connect to MySQL server
2025-06-20 15:26:17 [INFO] SELECT query executed on table users. Rows returned: 20
2025-06-20 15:29:40 [WARNING] Slow query detected. Execution time: 1.133s
2025-06-20 15:30:30 [INFO] UPDATE query executed on table orders. Affected rows: 5
2025-06-20 15:33:14 [WARNING] Slow query detected. Execution time: 0.448s
2025-06-20 15:34:47 [DEBUG] API Request: /orders - Response time: 0.642s
2025-06-20 15:37:30 [WARNING] Slow query detected. Execution time: 0.549s
2025-06-20 15:39:50 [INFO] INSERT query executed on table orders. Affected rows: 1
2025-06-20 15:43:02 [DEBUG] API Request: /login - Response time: 0.177s
2025-06-20 15:44:45 [INFO] DELETE query executed on table orders. Affected rows: 1
2025-06-20 15:46:21 [ERROR] ConnectionError: could not connect to MySQL server
2025-06-20 15:47:12 [INFO] SELECT query executed on table users. Rows returned: 4
2025-06-20 15:49:09 [INFO] DELETE query executed on table orders. Affected rows: 3
2025-06-20 15:52:16 [INFO] DELETE query executed on table orders. Affected rows: 2
2025-06-20 15:53:46 [INFO] SELECT query executed on table users. Rows returned: 15
2025-06-20 15:55:55 [INFO] DELETE query executed on table orders. Affected rows: 3
2025-06-20 16:00:53 [INFO] UPDATE query executed on table orders. Affected rows: 5
2025-06-20 16:03:23 [WARNING] Slow query detected. Execution time: 0.92s
2025-06-20 16:05:54 [INFO] SELECT query executed on table users. Rows returned: 15
2025-06-20 16:08:43 [WARNING] Slow query detected. Execution time: 1.449s
2025-06-20 16:13:06 [DEBUG] API Request: /orders - Response time: 0.83s
2025-06-20 16:16:46 [WARNING] Slow query detected. Execution time: 0.683s
2025-06-20 16:21:36 [INFO] UPDATE query executed on table orders. Affected rows: 5
2025-06-20 16:23:09 [INFO] SELECT query executed on table users. Rows returned: 7
2025-06-20 16:26:46 [INFO] UPDATE query executed on table orders. Affected rows: 3
2025-06-20 16:28:17 [INFO] SELECT query executed on table users. Rows returned: 1
2025-06-20 16:31:35 [DEBUG] API Request: /signup - Response time: 0.811s
2025-06-20 16:32:38 [INFO] INSERT query executed on table orders. Affected rows: 3
2025-06-20 16:36:10 [INFO] UPDATE query executed on table orders. Affected rows: 3
2025-06-20 16:37:15 [INFO] DELETE query executed on table orders. Affected rows: 2
2025-06-20 16:38:58 [INFO] UPDATE query executed on table orders. Affected rows: 4
2025-06-20 16:41:11 [INFO] INSERT query executed on table orders. Affected rows: 1
2025-06-20 16:43:23 [INFO] DELETE query executed on table orders. Affected rows: 4
2025-06-20 16:46:54 [INFO] UPDATE query executed on table orders. Affected rows: 3
2025-06-20 16:49:32 [DEBUG] API Request: /login - Response time: 1.404s
2025-06-20 16:53:26 [WARNING] Slow query detected. Execution time: 0.156s
2025-06-20 16:58:14 [INFO] DELETE query executed on table orders. Affected rows: 1
2025-06-20 17:00:09 [INFO] UPDATE query executed on table orders. Affected rows: 3
2025-06-20 17:04:48 [INFO] INSERT query executed on table orders. Affected rows: 1
2025-06-20 17:09:10 [INFO] UPDATE query executed on table orders. Affected rows: 1
2025-06-20 17:09:53 [INFO] SELECT query executed on table users. Rows returned: 17
2025-06-20 17:13:24 [INFO] SELECT query executed on table users. Rows returned: 17
2025-06-20 17:17:53 [INFO] DELETE query executed on table orders. Affected rows: 5
2025-06-20 17:19:29 [INFO] DELETE query executed on table orders. Affected rows: 3
2025-06-20 17:23:53 [ERROR] TimeoutError: database operation timed out
2025-06-20 17:28:30 [WARNING] Slow query detected. Execution time: 1.033s
2025-06-20 17:32:48 [WARNING] Slow query detected. Execution time: 0.181s
2025-06-20 17:34:56 [WARNING] Slow query detected. Execution time: 0.14s
2025-06-20 17:39:42 [INFO] UPDATE query executed on table orders. Affected rows: 4
2025-06-20 17:40:54 [INFO] INSERT query executed on table orders. Affected rows: 3
2025-06-20 17:42:28 [INFO] UPDATE query executed on table orders. Affected rows: 2
2025-06-20 17:45:28 [WARNING] Slow query detected. Execution time: 1.28s
2025-06-20 17:49:49 [INFO] SELECT query executed on table users. Rows returned: 18
2025-06-20 17:51:08 [INFO] UPDATE query executed on table orders. Affected rows: 4
2025-06-20 17:53:36 [WARNING] Slow query detected. Execution time: 0.774s
2025-06-20 17:54:55 [INFO] INSERT query executed on table orders. Affected rows: 4
2025-06-20 17:59:28 [INFO] UPDATE query executed on table orders. Affected rows: 4
2025-06-20 18:04:20 [INFO] SELECT query executed on table users. Rows returned: 3
2025-06-20 18:07:27 [INFO] DELETE query executed on table orders. Affected rows: 3
2025-06-20 18:12:08 [INFO] SELECT query executed on table users. Rows returned: 6
2025-06-20 18:15:04 [ERROR] ConnectionError: could not connect to MySQL server
2025-06-20 18:15:44 [INFO] DELETE query executed on table orders. Affected rows: 5
2025-06-20 18:17:25 [INFO] SELECT query executed on table users. Rows returned: 13
2025-06-20 18:20:51 [ERROR] MySQLSyntaxErrorException: syntax error at or near 'WHERE'
2025-06-20 18:23:46 [DEBUG] API Request: /login - Response time: 0.68s
2025-06-20 18:28:27 [INFO] SELECT query executed on table users. Rows returned: 18
2025-06-20 18:29:13 [INFO] UPDATE query executed on table orders. Affected rows: 4
2025-06-20 18:29:44 [DEBUG] API Request: /users - Response time: 1.115s
2025-06-20 18:33:50 [INFO] INSERT query executed on table orders. Affected rows: 4
2025-06-20 18:37:11 [INFO] UPDATE query executed on table orders. Affected rows: 1
2025-06-20 18:38:14 [INFO] UPDATE query executed on table orders. Affected rows: 2
2025-06-20 18:39:51 [INFO] INSERT query executed on table orders. Affected rows: 3
2025-06-20 18:44:43 [INFO] INSERT query executed on table orders. Affected rows: 1
2025-06-20 18:45:23 [INFO] SELECT query executed on table users. Rows returned: 5
2025-06-20 18:49:45 [DEBUG] API Request: /signup - Response time: 0.085s
2025-06-20 18:51:46 [INFO] SELECT query executed on table users. Rows returned: 4
2025-06-20 18:56:23 [INFO] UPDATE query executed on table orders. Affected rows: 4
2025-06-20 19:00:13 [INFO] INSERT query executed on table orders. Affected rows: 3
2025-06-20 19:03:01 [INFO] SELECT query executed on table users. Rows returned: 6
2025-06-20 19:06:44 [INFO] INSERT query executed on table orders. Affected rows: 4
2025-06-20 19:09:37 [INFO] UPDATE query executed on table orders. Affected rows: 3
2025-06-20 19:12:58 [WARNING] Slow query detected. Execution time: 0.659s
2025-06-20 19:16:14 [INFO] DELETE query executed on table orders. Affected rows: 4
2025-06-20 19:19:35 [INFO] INSERT query executed on table orders. Affected rows: 5
2025-06-20 19:21:32 [INFO] DELETE query executed on table orders. Affected rows: 5
2025-06-20 19:25:19 [INFO] DELETE query executed on table orders. Affected rows: 5
2025-06-20 19:28:46 [INFO] UPDATE query executed on table orders. Affected rows: 3
2025-06-20 19:31:40 [INFO] SELECT query executed on table users. Rows returned: 18
2025-06-20 19:34:08 [INFO] DELETE query executed on table orders. Affected rows: 3
2025-06-20 19:36:00 [INFO] UPDATE query executed on table orders. Affected rows: 5
2025-06-20 19:36:49 [ERROR] ConnectionError: could not connect to MySQL server
2025-06-20 19:40:28 [INFO] INSERT query executed on table orders. Affected rows: 3
2025-06-20 19:44:56 [INFO] SELECT query executed on table users. Rows returned: 10
2025-06-20 19:46:27 [INFO] UPDATE query executed on table orders. Affected rows: 5
2025-06-20 19:50:15 [INFO] DELETE query executed on table orders. Affected rows: 4
2025-06-20 19:52:27 [INFO] INSERT query executed on table orders. Affected rows: 4
2025-06-20 19:57:10 [INFO] UPDATE query executed on table orders. Affected rows: 3
2025-06-20 19:58:27 [ERROR] TimeoutError: database operation timed out
2025-06-20 20:02:21 [INFO] UPDATE query executed on table orders. Affected rows: 3
2025-06-20 20:07:17 [INFO] SELECT query executed on table users. Rows returned: 16
2025-06-20 20:10:28 [ERROR] IntegrityError: foreign key constraint fails
2025-06-20 20:13:36 [INFO] UPDATE query executed on table orders. Affected rows: 1
2025-06-20 20:16:50 [INFO] SELECT query executed on table users. Rows returned: 16
2025-06-20 20:17:26 [ERROR] TimeoutError: database operation timed out
2025-06-20 20:22:01 [INFO] UPDATE query executed on table orders. Affected rows: 3
2025-06-20 20:26:36 [DEBUG] API Request: /signup - Response time: 0.391s
2025-06-20 20:28:46 [INFO] INSERT query executed on table orders. Affected rows: 3
2025-06-20 20:33:02 [INFO] DELETE query executed on table orders. Affected rows: 1
2025-06-20 20:37:31 [WARNING] Slow query detected. Execution time: 0.363s
2025-06-20 20:38:07 [INFO] INSERT query executed on table orders. Affected rows: 2
2025-06-20 20:39:36 [WARNING] Slow query detected. Execution time: 0.911s
2025-06-20 20:41:20 [WARNING] Slow query detected. Execution time: 0.85s
2025-06-20 20:44:19 [INFO] DELETE query executed on table orders. Affected rows: 3
2025-06-20 20:45:37 [DEBUG] API Request: /login - Response time: 0.795s
2025-06-20 20:49:06 [INFO] DELETE query executed on table orders. Affected rows: 5
2025-06-20 20:52:52 [ERROR] IntegrityError: foreign key constraint fails
2025-06-20 20:57:30 [INFO] SELECT query executed on table users. Rows returned: 17
2025-06-20 20:58:28 [INFO] UPDATE query executed on table orders. Affected rows: 4
2025-06-20 20:59:34 [INFO] SELECT query executed on table users. Rows returned: 19
2025-06-20 21:02:53 [WARNING] Slow query detected. Execution time: 1.013s
2025-06-20 21:06:39 [INFO] INSERT query executed on table orders. Affected rows: 1
2025-06-20 21:08:57 [INFO] INSERT query executed on table orders. Affected rows: 5
2025-06-20 21:10:14 [INFO] UPDATE query executed on table orders. Affected rows: 4
2025-06-20 21:13:45 [INFO] INSERT query executed on table orders. Affected rows: 3
2025-06-20 21:17:43 [INFO] SELECT query executed on table users. Rows returned: 4
2025-06-20 21:19:28 [WARNING] Slow query detected. Execution time: 0.541s
2025-06-20 21:21:54 [WARNING] Slow query detected. Execution time: 0.099s
2025-06-20 21:25:25 [DEBUG] API Request: /products - Response time: 0.836s
2025-06-20 21:26:59 [INFO] UPDATE query executed on table orders. Affected rows: 3
2025-06-20 21:28:25 [ERROR] TimeoutError: database operation timed out
2025-06-20 21:33:11 [INFO] UPDATE query executed on table orders. Affected rows: 2
2025-06-20 21:36:28 [INFO] INSERT query executed on table orders. Affected rows: 4
2025-06-20 21:38:15 [DEBUG] API Request: /logout - Response time: 1.481s
